============================= test session starts ==============================
platform darwin -- Python 3.12.5, pytest-9.0.3, pluggy-1.6.0 -- /Library/Frameworks/Python.framework/Versions/3.12/bin/python3
cachedir: .pytest_cache
rootdir: /Users/srirudrapatlori/Downloads/pawpal-second
plugins: anyio-4.13.0
collecting ... collected 5 items

test/test_pawpal.py::test_mark_complete PASSED                           [ 20%]
test/test_pawpal.py::test_add_task PASSED                                [ 40%]
test/test_pawpal.py::test_sort_by_time PASSED                            [ 60%]
test/test_pawpal.py::test_daily_task_creates_next_day_task PASSED        [ 80%]
test/test_pawpal.py::test_conflict_detection PASSED                      [100%]

============================== 5 passed in 0.01s ===============================
